<?xml version="1.0" encoding="UTF-8"?>
<testng-results skipped="0" failed="0" ignored="0" total="1" passed="1">
  <reporter-output>
    <line>
      <![CDATA[リクエストURL: http://192.168.101.34:8081/HelloWeb/hello/user/createUser]]>
    </line>
    <line>
      <![CDATA[結果: true]]>
    </line>
  </reporter-output>
  <suite name="Default suite" duration-ms="94" started-at="2018-09-28T09:53:44Z" finished-at="2018-09-28T09:53:44Z">
    <groups>
      <group name="BaseCase">
        <method signature="TestCaseLaunchApiController.getSecond()[pri:0, instance:com.yiibai.springmvc.test.testcase.TestCaseLaunchApiController@5e5792a0]" name="getSecond" class="com.yiibai.springmvc.test.testcase.TestCaseLaunchApiController"/>
      </group> <!-- BaseCase -->
    </groups>
    <test name="Default test" duration-ms="94" started-at="2018-09-28T09:53:44Z" finished-at="2018-09-28T09:53:44Z">
      <class name="com.yiibai.springmvc.test.testcase.TestCaseLaunchApiController">
        <test-method status="PASS" signature="getSecond()[pri:0, instance:com.yiibai.springmvc.test.testcase.TestCaseLaunchApiController@5e5792a0]" name="getSecond" duration-ms="63" started-at="2018-09-28T09:53:44Z" finished-at="2018-09-28T09:53:44Z">
          <reporter-output>
            <line>
              <![CDATA[リクエストURL: http://192.168.101.34:8081/HelloWeb/hello/user/createUser]]>
            </line>
            <line>
              <![CDATA[結果: true]]>
            </line>
          </reporter-output>
        </test-method> <!-- getSecond -->
      </class> <!-- com.yiibai.springmvc.test.testcase.TestCaseLaunchApiController -->
    </test> <!-- Default test -->
  </suite> <!-- Default suite -->
</testng-results>
